2026-05-19T20:53:59.3858567Z,Updating submodules.,00d925e3-dfd3-4cff-863d-570a4d9ea079,0
2026-05-19T20:54:04.8443941Z,Preparing deployment for commit id 'c203f9f4-5'.,eb91dfc0-21ab-4a67-b769-43456070b8ff,0
2026-05-19T20:54:09.7513890Z,PreDeployment: context.CleanOutputPath False,19ffb929-bfdd-4e7c-bb71-48ee4ba9e293,0
2026-05-19T20:54:10.8506898Z,PreDeployment: context.OutputPath /home/site/wwwroot,71386567-be2e-4da1-a96f-08716c2a2979,0
2026-05-19T20:54:12.0339653Z,Repository path is /tmp/zipdeploy/extracted,4513fdd7-f63d-4927-be00-19d773dfe1ee,0
2026-05-19T20:54:13.0656688Z,Running oryx build...,aaaad0e1-f52f-45a4-9842-69e3c7986763,0
	2026-05-19T20:54:13.2778973Z,Command: oryx build /tmp/zipdeploy/extracted -o /home/site/wwwroot --platform python --platform-version 3.13 -p virtualenv_name=antenv --log-file /tmp/build-debug.log  -i /tmp/8deb5e8c58eb021 --compress-destination-dir | tee /tmp/oryx-build.log,,0
	2026-05-19T20:54:42.3077112Z,Operation performed by Microsoft Oryx&comma; https://github.com/Microsoft/Oryx,,0
	2026-05-19T20:54:42.4510383Z,You can report issues at https://github.com/Microsoft/Oryx/issues,,0
	2026-05-19T20:54:42.6705236Z,,,0
	2026-05-19T20:54:42.7920711Z,Oryx Version: 0.2.20260420.1+83c04e9ee1882dc90d279b63348824daedbd3c96&comma; Commit: 83c04e9ee1882dc90d279b63348824daedbd3c96&comma; ReleaseTagName: 20260420.1,,0
	2026-05-19T20:54:42.9107620Z,,,0
	2026-05-19T20:54:42.9941176Z,Build Operation ID: 38834015bcef43f5,,0
	2026-05-19T20:54:43.0923337Z,Repository Commit : c203f9f4-5eab-41c2-9a15-e8850ef01688,,0
	2026-05-19T20:54:43.2251351Z,OS Type           : bookworm,,0
	2026-05-19T20:54:43.3852816Z,Image Type        : githubactions,,0
	2026-05-19T20:54:43.5762710Z,,,0
	2026-05-19T20:54:44.7701332Z,Primary SDK Storage URL: https://oryx-cdn.microsoft.io,,0
	2026-05-19T20:54:44.9304927Z,Backup SDK Storage URL: ,,0
	2026-05-19T20:54:45.0675607Z,ACR SDK Registry URL: (not set),,0
	2026-05-19T20:54:45.1397717Z,SDK provider status:,,0
	2026-05-19T20:54:45.4251437Z,  External ACR SDK provider: Disabled,,0
	2026-05-19T20:54:45.5257674Z,  External SDK provider: Enabled,,0
	2026-05-19T20:54:45.6176661Z,  Direct ACR SDK provider: Disabled,,0
	2026-05-19T20:54:45.9561303Z,  Blob SDK provider: Enabled,,0
	2026-05-19T20:54:46.1474118Z,Detecting platforms...,,0
	2026-05-19T20:54:46.9083333Z,Requesting metadata for platform python from external SDK provider,,0
	2026-05-19T20:54:50.1066924Z,Requesting metadata for platform python from external SDK provider,,0
	2026-05-19T20:54:51.1682377Z,Version resolved using external SDK provider.,,0
	2026-05-19T20:55:00.1562114Z,Detected following platforms:,,0
	2026-05-19T20:55:00.3765034Z,  python: 3.13.11,,0
	2026-05-19T20:55:02.5648134Z,,,0
	2026-05-19T20:55:03.2269894Z,Using intermediate directory '/tmp/8deb5e8c58eb021'.,,0
	2026-05-19T20:55:03.5086007Z,,,0
	2026-05-19T20:55:03.5778517Z,Copying files to the intermediate directory...,,0
	2026-05-19T20:56:22.4873107Z,Copying files to intermediate directory done in 79 sec(s).,,0
	2026-05-19T20:56:22.6093007Z,,,0
	2026-05-19T20:56:22.6710852Z,Source directory     : /tmp/8deb5e8c58eb021,,0
	2026-05-19T20:56:22.8985204Z,Destination directory: /home/site/wwwroot,,0
	2026-05-19T20:56:22.9800711Z,,,0
	2026-05-19T20:56:24.3823127Z,Running build script snippets...,,0
	2026-05-19T20:56:24.4858476Z,Python Version: /tmp/oryx/platforms/python/3.13.11/bin/python3.13,,0
	2026-05-19T20:56:24.6050818Z,Creating directory for command manifest file if it does not exist,,0
	2026-05-19T20:56:24.6837067Z,Removing existing manifest file,,0
	2026-05-19T20:56:24.8151836Z,Python Virtual Environment: antenv,,0
	2026-05-19T20:56:24.9073190Z,Creating virtual environment...,,0
	2026-05-19T20:56:25.0039194Z,Executing: /tmp/oryx/platforms/python/3.13.11/bin/python3.13 -m venv antenv --copies,,0
	2026-05-19T20:57:54.8125205Z,Activating virtual environment...,,0
	2026-05-19T20:57:55.1826971Z,Could not find requirements.txt&comma; pyproject.toml&comma; or setup.py; Not installing dependencies. More information: https://aka.ms/requirements-not-found,,0
	2026-05-19T20:57:55.4535659Z,Not a vso image&comma; so not writing build commands,,0
	2026-05-19T20:57:55.7153263Z,Build script snippets done in 91 sec(s).,,0
	2026-05-19T20:57:55.7967354Z,Preparing output...,,0
	2026-05-19T20:57:55.9577325Z,Compressing source directory directly to destination (optimized path)...,,0
	2026-05-19T20:57:56.1081349Z,Using zstd for compression,,0
	2026-05-19T20:59:11.0550907Z,Copied the compressed output to '/home/site/wwwroot',,0
	2026-05-19T20:59:11.2265209Z,Direct compression with zstd done in 76 sec(s).,,0
	2026-05-19T20:59:11.2978803Z,,,0
	2026-05-19T20:59:11.4638853Z,Removing existing manifest file,,0
	2026-05-19T20:59:11.5641699Z,Creating a manifest file...,,0
	2026-05-19T20:59:11.6852252Z,Manifest file created.,,0
	2026-05-19T20:59:11.7564011Z,Copying .ostype to manifest output directory.,,0
	2026-05-19T20:59:11.8171985Z,,,0
	2026-05-19T20:59:11.8844233Z,Total execution done in 248 sec(s).,,0
2026-05-19T20:59:12.6022657Z,Running post deployment command(s)...,eafb29eb-cd76-4c95-9968-c061880d46ce,0
2026-05-19T20:59:12.7513731Z,,c724b460-5a1c-46e9-a5eb-2f2262b67a00,0
2026-05-19T20:59:12.8523281Z,Generating summary of Oryx build,11030c41-6b1c-4978-8ba5-f75481bcdd8c,0
2026-05-19T20:59:13.0264051Z,Parsing the build logs,d4c0f790-9cde-460c-b257-af36b9784c18,0
2026-05-19T20:59:13.1685351Z,Found 0 issue(s),f2837497-547a-43a2-877b-ff2881472505,0
2026-05-19T20:59:13.2927787Z,,01b5d074-79e9-4943-b9a3-1a744146942b,0
2026-05-19T20:59:13.3849600Z,Build Summary :,b1413bcb-ab4f-4aa9-aac4-1d5621c88e2f,0
2026-05-19T20:59:13.5502318Z,===============,f4202215-7a15-495c-b2df-a8dcf8b10a68,0
2026-05-19T20:59:13.7311660Z,Errors (0),8dcf4797-cf92-489f-ac74-0eff3b03eaa7,0
2026-05-19T20:59:13.9394431Z,Warnings (0),e93c228c-da04-4caf-bb56-66e81fcea35c,0
2026-05-19T20:59:14.0818262Z,,195d5455-ca8a-4135-89d5-cfa992a3711f,0
2026-05-19T20:59:14.2246913Z,Triggering container recycle for OneDeploy by adding/updating restartTrigger.txt to the site root path,c47eecf4-34f3-480d-b725-f32c8d719eb0,0
2026-05-19T20:59:14.4643229Z,Deployment successful. deployer = OneDeploy deploymentPath = OneDeploy,154321be-cbc1-4a32-a267-2a022c274448,0
